build/app/intermediates/manifest_merge_blame_file/debug/manifest-merger-blame-debug-report.txt
1<?xml version="1.0" encoding="utf-8"?>
2<manifest xmlns:android="http://schemas.android.com/apk/res/android"
3    package="com.hassan_zafar.capitalview"
4    android:versionCode="37"
5    android:versionName="2.4.1" >
6
7    <uses-sdk
8        android:minSdkVersion="21"
9        android:targetSdkVersion="30" />
10    <!--
11         Flutter needs it to communicate with the running application
12         to allow setting breakpoints, to provide hot reload, etc.
13    -->
14    <uses-permission android:name="android.permission.INTERNET" />
14-->src\main\AndroidManifest.xml:4:5-67
14-->src\main\AndroidManifest.xml:4:22-64
15    <uses-permission android:name="android.permission.ACCESS_NETWORK_STATE" />
15-->src\main\AndroidManifest.xml:5:5-79
15-->src\main\AndroidManifest.xml:5:22-76
16    <uses-permission android:name="android.permission.ACCESS_COARSE_LOCATION" />
16-->src\main\AndroidManifest.xml:6:5-81
16-->src\main\AndroidManifest.xml:6:22-78
17    <uses-permission android:name="android.permission.ACCESS_FINE_LOCATION" />
17-->src\main\AndroidManifest.xml:7:5-79
17-->src\main\AndroidManifest.xml:7:22-76
18    <uses-permission android:name="android.permission.READ_EXTERNAL_STORAGE" />
18-->src\main\AndroidManifest.xml:8:5-80
18-->src\main\AndroidManifest.xml:8:22-77
19    <uses-permission android:name="android.permission.QUERY_ALL_PACKAGES" />
19-->src\main\AndroidManifest.xml:9:5-77
19-->src\main\AndroidManifest.xml:9:22-74
20
21    <queries>
21-->[:flutter_tts] AndroidManifest.xml:7:5-11:15
22        <intent>
22-->[:flutter_tts] AndroidManifest.xml:8:9-10:18
23            <action android:name="android.intent.action.TTS_SERVICE" />
23-->[:flutter_tts] AndroidManifest.xml:9:13-72
23-->[:flutter_tts] AndroidManifest.xml:9:21-69
24        </intent>
25    </queries> <!-- Create a unique permission for your app and use it so only your app can receive your OneSignal messages. -->
26    <permission
26-->[com.onesignal:OneSignal:4.6.3] AndroidManifest.xml:7:5-9:47
27        android:name="com.hassan_zafar.capitalview.permission.C2D_MESSAGE"
27-->[com.onesignal:OneSignal:4.6.3] AndroidManifest.xml:8:9-63
28        android:protectionLevel="signature" />
28-->[com.onesignal:OneSignal:4.6.3] AndroidManifest.xml:9:9-44
29
30    <uses-permission android:name="com.hassan_zafar.capitalview.permission.C2D_MESSAGE" /> <!-- c2dm RECEIVE are basic requirements for push messages through Google's FCM -->
30-->[com.onesignal:OneSignal:4.6.3] AndroidManifest.xml:11:5-79
30-->[com.onesignal:OneSignal:4.6.3] AndroidManifest.xml:11:22-76
31    <uses-permission android:name="com.google.android.c2dm.permission.RECEIVE" /> <!-- Required, makes sure notifications are delivered on time. -->
31-->[com.onesignal:OneSignal:4.6.3] AndroidManifest.xml:17:5-82
31-->[com.onesignal:OneSignal:4.6.3] AndroidManifest.xml:17:22-79
32    <uses-permission android:name="android.permission.WAKE_LOCK" />
32-->[com.onesignal:OneSignal:4.6.3] AndroidManifest.xml:18:5-68
32-->[com.onesignal:OneSignal:4.6.3] AndroidManifest.xml:18:22-65
33    <!--
34 Required so the device vibrates on receiving a push notification.
35         Vibration settings of the device still apply.
36    -->
37    <uses-permission android:name="android.permission.VIBRATE" />
37-->[com.onesignal:OneSignal:4.6.3] AndroidManifest.xml:23:5-66
37-->[com.onesignal:OneSignal:4.6.3] AndroidManifest.xml:23:22-63
38    <!--
39 Use to restore notifications the user hasn't interacted with.
40         They could be missed notifications if the user reboots their device if this isn't in place.
41    -->
42    <uses-permission android:name="android.permission.RECEIVE_BOOT_COMPLETED" /> <!-- START: ShortcutBadger -->
42-->[com.onesignal:OneSignal:4.6.3] AndroidManifest.xml:29:5-81
42-->[com.onesignal:OneSignal:4.6.3] AndroidManifest.xml:29:22-78
43    <!-- Samsung -->
44    <uses-permission android:name="com.sec.android.provider.badge.permission.READ" />
44-->[com.onesignal:OneSignal:4.6.3] AndroidManifest.xml:31:5-86
44-->[com.onesignal:OneSignal:4.6.3] AndroidManifest.xml:31:22-83
45    <uses-permission android:name="com.sec.android.provider.badge.permission.WRITE" /> <!-- HTC -->
45-->[com.onesignal:OneSignal:4.6.3] AndroidManifest.xml:32:5-87
45-->[com.onesignal:OneSignal:4.6.3] AndroidManifest.xml:32:22-84
46    <uses-permission android:name="com.htc.launcher.permission.READ_SETTINGS" />
46-->[com.onesignal:OneSignal:4.6.3] AndroidManifest.xml:33:5-81
46-->[com.onesignal:OneSignal:4.6.3] AndroidManifest.xml:33:22-78
47    <uses-permission android:name="com.htc.launcher.permission.UPDATE_SHORTCUT" /> <!-- Sony -->
47-->[com.onesignal:OneSignal:4.6.3] AndroidManifest.xml:34:5-83
47-->[com.onesignal:OneSignal:4.6.3] AndroidManifest.xml:34:22-80
48    <uses-permission android:name="com.sonyericsson.home.permission.BROADCAST_BADGE" />
48-->[com.onesignal:OneSignal:4.6.3] AndroidManifest.xml:35:5-88
48-->[com.onesignal:OneSignal:4.6.3] AndroidManifest.xml:35:22-85
49    <uses-permission android:name="com.sonymobile.home.permission.PROVIDER_INSERT_BADGE" /> <!-- Apex -->
49-->[com.onesignal:OneSignal:4.6.3] AndroidManifest.xml:36:5-92
49-->[com.onesignal:OneSignal:4.6.3] AndroidManifest.xml:36:22-89
50    <uses-permission android:name="com.anddoes.launcher.permission.UPDATE_COUNT" /> <!-- Solid -->
50-->[com.onesignal:OneSignal:4.6.3] AndroidManifest.xml:37:5-84
50-->[com.onesignal:OneSignal:4.6.3] AndroidManifest.xml:37:22-81
51    <uses-permission android:name="com.majeur.launcher.permission.UPDATE_BADGE" /> <!-- Huawei -->
51-->[com.onesignal:OneSignal:4.6.3] AndroidManifest.xml:38:5-83
51-->[com.onesignal:OneSignal:4.6.3] AndroidManifest.xml:38:22-80
52    <uses-permission android:name="com.huawei.android.launcher.permission.CHANGE_BADGE" />
52-->[com.onesignal:OneSignal:4.6.3] AndroidManifest.xml:39:5-91
52-->[com.onesignal:OneSignal:4.6.3] AndroidManifest.xml:39:22-88
53    <uses-permission android:name="com.huawei.android.launcher.permission.READ_SETTINGS" />
53-->[com.onesignal:OneSignal:4.6.3] AndroidManifest.xml:40:5-92
53-->[com.onesignal:OneSignal:4.6.3] AndroidManifest.xml:40:22-89
54    <uses-permission android:name="com.huawei.android.launcher.permission.WRITE_SETTINGS" /> <!-- ZUK -->
54-->[com.onesignal:OneSignal:4.6.3] AndroidManifest.xml:41:5-93
54-->[com.onesignal:OneSignal:4.6.3] AndroidManifest.xml:41:22-90
55    <uses-permission android:name="android.permission.READ_APP_BADGE" /> <!-- OPPO -->
55-->[com.onesignal:OneSignal:4.6.3] AndroidManifest.xml:42:5-73
55-->[com.onesignal:OneSignal:4.6.3] AndroidManifest.xml:42:22-70
56    <uses-permission android:name="com.oppo.launcher.permission.READ_SETTINGS" />
56-->[com.onesignal:OneSignal:4.6.3] AndroidManifest.xml:43:5-82
56-->[com.onesignal:OneSignal:4.6.3] AndroidManifest.xml:43:22-79
57    <uses-permission android:name="com.oppo.launcher.permission.WRITE_SETTINGS" /> <!-- EvMe -->
57-->[com.onesignal:OneSignal:4.6.3] AndroidManifest.xml:44:5-83
57-->[com.onesignal:OneSignal:4.6.3] AndroidManifest.xml:44:22-80
58    <uses-permission android:name="me.everything.badger.permission.BADGE_COUNT_READ" />
58-->[com.onesignal:OneSignal:4.6.3] AndroidManifest.xml:45:5-88
58-->[com.onesignal:OneSignal:4.6.3] AndroidManifest.xml:45:22-85
59    <uses-permission android:name="me.everything.badger.permission.BADGE_COUNT_WRITE" />
59-->[com.onesignal:OneSignal:4.6.3] AndroidManifest.xml:46:5-89
59-->[com.onesignal:OneSignal:4.6.3] AndroidManifest.xml:46:22-86
60    <uses-permission android:name="com.google.android.finsky.permission.BIND_GET_INSTALL_REFERRER_SERVICE" /> <!-- Android package visibility setting -->
60-->[com.google.android.gms:play-services-measurement:20.0.2] AndroidManifest.xml:26:5-110
60-->[com.google.android.gms:play-services-measurement:20.0.2] AndroidManifest.xml:26:22-107
61    <queries>
61-->[:flutter_tts] AndroidManifest.xml:7:5-11:15
62
63        <!-- For browser content -->
64        <intent>
64-->[:flutter_tts] AndroidManifest.xml:8:9-10:18
65            <action android:name="android.intent.action.VIEW" />
65-->[com.onesignal:OneSignal:4.6.3] AndroidManifest.xml:76:17-69
65-->[com.onesignal:OneSignal:4.6.3] AndroidManifest.xml:76:25-66
66
67            <category android:name="android.intent.category.BROWSABLE" />
67-->[com.google.firebase:firebase-auth:21.0.1] AndroidManifest.xml:37:17-78
67-->[com.google.firebase:firebase-auth:21.0.1] AndroidManifest.xml:37:27-75
68
69            <data android:scheme="https" />
69-->[com.google.firebase:firebase-auth:21.0.1] AndroidManifest.xml:39:17-42:51
69-->[com.google.firebase:firebase-auth:21.0.1] AndroidManifest.xml:42:21-48
70        </intent>
71        <!-- End of browser content -->
72        <!-- For CustomTabsService -->
73        <intent>
73-->[:flutter_tts] AndroidManifest.xml:8:9-10:18
74            <action android:name="android.support.customtabs.action.CustomTabsService" />
75        </intent>
76        <!-- End of CustomTabsService -->
77    </queries> <!-- Include required permissions for Advertising Id -->
78    <uses-permission android:name="com.google.android.gms.permission.AD_ID" />
78-->[com.google.android.gms:play-services-ads-identifier:18.0.0] AndroidManifest.xml:23:5-79
78-->[com.google.android.gms:play-services-ads-identifier:18.0.0] AndroidManifest.xml:23:22-76
79
80    <application
80-->src\main\AndroidManifest.xml:11:5-48:19
81        android:appComponentFactory="androidx.core.app.CoreComponentFactory"
81-->[androidx.core:core:1.6.0] AndroidManifest.xml:24:18-86
82        android:debuggable="true"
83        android:fullBackupContent="true"
83-->src\main\AndroidManifest.xml:12:9-41
84        android:icon="@mipmap/ic_launcher"
84-->src\main\AndroidManifest.xml:13:9-43
85        android:label="Capital View"
85-->src\main\AndroidManifest.xml:14:9-37
86        android:usesCleartextTraffic="true" >
86-->src\main\AndroidManifest.xml:15:9-44
87        <activity
87-->src\main\AndroidManifest.xml:16:9-36:20
88            android:name="com.mighty.news.MainActivity"
88-->src\main\AndroidManifest.xml:17:13-41
89            android:configChanges="orientation|keyboardHidden|keyboard|screenSize|smallestScreenSize|locale|layoutDirection|fontScale|screenLayout|density|uiMode"
89-->src\main\AndroidManifest.xml:18:13-163
90            android:hardwareAccelerated="true"
90-->src\main\AndroidManifest.xml:19:13-47
91            android:launchMode="singleTop"
91-->src\main\AndroidManifest.xml:20:13-43
92            android:theme="@style/LaunchTheme"
92-->src\main\AndroidManifest.xml:21:13-47
93            android:windowSoftInputMode="adjustResize" >
93-->src\main\AndroidManifest.xml:22:13-55
94            <meta-data
94-->src\main\AndroidManifest.xml:24:13-26:57
95                android:name="io.flutter.embedding.android.NormalTheme"
95-->src\main\AndroidManifest.xml:25:17-72
96                android:resource="@style/NormalTheme" />
96-->src\main\AndroidManifest.xml:26:17-54
97
98            <!-- <meta-data -->
99            <!-- android:name="io.flutter.embedding.android.SplashScreenDrawable" -->
100            <!-- android:resource="@drawable/launch_background" /> -->
101
102            <intent-filter>
102-->src\main\AndroidManifest.xml:32:13-35:29
103                <action android:name="android.intent.action.MAIN" />
103-->src\main\AndroidManifest.xml:33:17-69
103-->src\main\AndroidManifest.xml:33:25-66
104
105                <category android:name="android.intent.category.LAUNCHER" />
105-->src\main\AndroidManifest.xml:34:17-77
105-->src\main\AndroidManifest.xml:34:27-74
106            </intent-filter>
107        </activity>
108        <!--
109             Don't delete the meta-data below.
110             This is used by the Flutter tool to generate GeneratedPluginRegistrant.java
111        -->
112        <meta-data
112-->src\main\AndroidManifest.xml:39:9-41:33
113            android:name="flutterEmbedding"
113-->src\main\AndroidManifest.xml:40:13-44
114            android:value="2" />
114-->src\main\AndroidManifest.xml:41:13-30
115        <meta-data
115-->src\main\AndroidManifest.xml:43:9-45:70
116            android:name="com.google.android.gms.ads.APPLICATION_ID"
116-->src\main\AndroidManifest.xml:44:13-69
117            android:value="ca-app-pub-1399327544318575~7586962359" />
117-->src\main\AndroidManifest.xml:45:13-67
118        <meta-data
118-->src\main\AndroidManifest.xml:47:9-91
119            android:name="com.onesignal.suppressLaunchURLs"
119-->src\main\AndroidManifest.xml:47:20-67
120            android:value="true" />
120-->src\main\AndroidManifest.xml:47:68-88
121
122        <service
122-->[:firebase_crashlytics] AndroidManifest.xml:8:9-12:19
123            android:name="com.google.firebase.components.ComponentDiscoveryService"
123-->[:firebase_crashlytics] AndroidManifest.xml:8:18-89
124            android:directBootAware="true"
124-->[com.google.firebase:firebase-common:20.0.0] AndroidManifest.xml:35:13-43
125            android:exported="false" >
125-->[com.google.firebase:firebase-crashlytics:18.2.6] AndroidManifest.xml:17:13-37
126            <meta-data
126-->[:firebase_crashlytics] AndroidManifest.xml:9:13-11:85
127                android:name="com.google.firebase.components:io.flutter.plugins.firebase.crashlytics.FlutterFirebaseAppRegistrar"
127-->[:firebase_crashlytics] AndroidManifest.xml:10:17-130
128                android:value="com.google.firebase.components.ComponentRegistrar" />
128-->[:firebase_crashlytics] AndroidManifest.xml:11:17-82
129            <meta-data
129-->[:firebase_auth] AndroidManifest.xml:9:13-11:85
130                android:name="com.google.firebase.components:io.flutter.plugins.firebase.auth.FlutterFirebaseAuthRegistrar"
130-->[:firebase_auth] AndroidManifest.xml:10:17-124
131                android:value="com.google.firebase.components.ComponentRegistrar" />
131-->[:firebase_auth] AndroidManifest.xml:11:17-82
132            <meta-data
132-->[:firebase_remote_config] AndroidManifest.xml:9:13-11:85
133                android:name="com.google.firebase.components:io.flutter.plugins.firebase.firebaseremoteconfig.FlutterFirebaseAppRegistrar"
133-->[:firebase_remote_config] AndroidManifest.xml:10:17-139
134                android:value="com.google.firebase.components.ComponentRegistrar" />
134-->[:firebase_remote_config] AndroidManifest.xml:11:17-82
135            <meta-data
135-->[:firebase_core] AndroidManifest.xml:9:13-11:85
136                android:name="com.google.firebase.components:io.flutter.plugins.firebase.core.FlutterFirebaseCoreRegistrar"
136-->[:firebase_core] AndroidManifest.xml:10:17-124
137                android:value="com.google.firebase.components.ComponentRegistrar" />
137-->[:firebase_core] AndroidManifest.xml:11:17-82
138            <meta-data
138-->[com.google.firebase:firebase-crashlytics:18.2.6] AndroidManifest.xml:18:13-20:85
139                android:name="com.google.firebase.components:com.google.firebase.crashlytics.CrashlyticsRegistrar"
139-->[com.google.firebase:firebase-crashlytics:18.2.6] AndroidManifest.xml:19:17-115
140                android:value="com.google.firebase.components.ComponentRegistrar" />
140-->[com.google.firebase:firebase-crashlytics:18.2.6] AndroidManifest.xml:20:17-82
141            <meta-data
141-->[com.google.firebase:firebase-messaging:23.0.0] AndroidManifest.xml:52:13-54:85
142                android:name="com.google.firebase.components:com.google.firebase.messaging.FirebaseMessagingRegistrar"
142-->[com.google.firebase:firebase-messaging:23.0.0] AndroidManifest.xml:53:17-119
143                android:value="com.google.firebase.components.ComponentRegistrar" />
143-->[com.google.firebase:firebase-messaging:23.0.0] AndroidManifest.xml:54:17-82
144            <meta-data
144-->[com.google.firebase:firebase-datatransport:18.0.0] AndroidManifest.xml:28:13-30:85
145                android:name="com.google.firebase.components:com.google.firebase.datatransport.TransportRegistrar"
145-->[com.google.firebase:firebase-datatransport:18.0.0] AndroidManifest.xml:29:17-115
146                android:value="com.google.firebase.components.ComponentRegistrar" />
146-->[com.google.firebase:firebase-datatransport:18.0.0] AndroidManifest.xml:30:17-82
147            <meta-data
147-->[com.google.firebase:firebase-auth:21.0.1] AndroidManifest.xml:77:13-79:85
148                android:name="com.google.firebase.components:com.google.firebase.auth.FirebaseAuthRegistrar"
148-->[com.google.firebase:firebase-auth:21.0.1] AndroidManifest.xml:78:17-109
149                android:value="com.google.firebase.components.ComponentRegistrar" />
149-->[com.google.firebase:firebase-auth:21.0.1] AndroidManifest.xml:79:17-82
150            <meta-data
150-->[com.google.firebase:firebase-config:21.0.1] AndroidManifest.xml:32:13-34:85
151                android:name="com.google.firebase.components:com.google.firebase.remoteconfig.RemoteConfigRegistrar"
151-->[com.google.firebase:firebase-config:21.0.1] AndroidManifest.xml:33:17-117
152                android:value="com.google.firebase.components.ComponentRegistrar" />
152-->[com.google.firebase:firebase-config:21.0.1] AndroidManifest.xml:34:17-82
153            <meta-data
153-->[com.google.android.gms:play-services-measurement-api:20.0.2] AndroidManifest.xml:30:13-32:85
154                android:name="com.google.firebase.components:com.google.firebase.analytics.connector.internal.AnalyticsConnectorRegistrar"
154-->[com.google.android.gms:play-services-measurement-api:20.0.2] AndroidManifest.xml:31:17-139
155                android:value="com.google.firebase.components.ComponentRegistrar" />
155-->[com.google.android.gms:play-services-measurement-api:20.0.2] AndroidManifest.xml:32:17-82
156            <meta-data
156-->[com.google.firebase:firebase-installations:17.0.0] AndroidManifest.xml:18:13-20:85
157                android:name="com.google.firebase.components:com.google.firebase.installations.FirebaseInstallationsRegistrar"
157-->[com.google.firebase:firebase-installations:17.0.0] AndroidManifest.xml:19:17-127
158                android:value="com.google.firebase.components.ComponentRegistrar" />
158-->[com.google.firebase:firebase-installations:17.0.0] AndroidManifest.xml:20:17-82
159            <meta-data
159-->[com.google.firebase:firebase-abt:21.0.0] AndroidManifest.xml:13:13-15:85
160                android:name="com.google.firebase.components:com.google.firebase.abt.component.AbtRegistrar"
160-->[com.google.firebase:firebase-abt:21.0.0] AndroidManifest.xml:14:17-109
161                android:value="com.google.firebase.components.ComponentRegistrar" />
161-->[com.google.firebase:firebase-abt:21.0.0] AndroidManifest.xml:15:17-82
162        </service>
163
164        <provider
164-->[:image_picker] AndroidManifest.xml:8:9-16:20
165            android:name="io.flutter.plugins.imagepicker.ImagePickerFileProvider"
165-->[:image_picker] AndroidManifest.xml:9:13-82
166            android:authorities="com.hassan_zafar.capitalview.flutter.image_provider"
166-->[:image_picker] AndroidManifest.xml:10:13-74
167            android:exported="false"
167-->[:image_picker] AndroidManifest.xml:11:13-37
168            android:grantUriPermissions="true" >
168-->[:image_picker] AndroidManifest.xml:12:13-47
169            <meta-data
169-->[:image_picker] AndroidManifest.xml:13:13-15:75
170                android:name="android.support.FILE_PROVIDER_PATHS"
170-->[:image_picker] AndroidManifest.xml:14:17-67
171                android:resource="@xml/flutter_image_picker_file_paths" />
171-->[:image_picker] AndroidManifest.xml:15:17-72
172        </provider>
173
174        <activity
174-->[:url_launcher_android] AndroidManifest.xml:8:9-11:74
175            android:name="io.flutter.plugins.urllauncher.WebViewActivity"
175-->[:url_launcher_android] AndroidManifest.xml:9:13-74
176            android:exported="false"
176-->[:url_launcher_android] AndroidManifest.xml:10:13-37
177            android:theme="@android:style/Theme.NoTitleBar.Fullscreen" />
177-->[:url_launcher_android] AndroidManifest.xml:11:13-71
178
179        <meta-data
179-->[:google_mobile_ads] AndroidManifest.xml:10:9-12:36
180            android:name="io.flutter.embedded_views_preview"
180-->[:google_mobile_ads] AndroidManifest.xml:11:13-61
181            android:value="true" />
181-->[:google_mobile_ads] AndroidManifest.xml:12:13-33
182
183        <provider
183-->[:share] AndroidManifest.xml:8:9-16:20
184            android:name="io.flutter.plugins.share.ShareFileProvider"
184-->[:share] AndroidManifest.xml:9:13-70
185            android:authorities="com.hassan_zafar.capitalview.flutter.share_provider"
185-->[:share] AndroidManifest.xml:10:13-74
186            android:exported="false"
186-->[:share] AndroidManifest.xml:11:13-37
187            android:grantUriPermissions="true" >
187-->[:share] AndroidManifest.xml:12:13-47
188            <meta-data
188-->[:image_picker] AndroidManifest.xml:13:13-15:75
189                android:name="android.support.FILE_PROVIDER_PATHS"
189-->[:image_picker] AndroidManifest.xml:14:17-67
190                android:resource="@xml/flutter_share_file_paths" />
190-->[:image_picker] AndroidManifest.xml:15:17-72
191        </provider>
192
193        <receiver
193-->[com.onesignal:OneSignal:4.6.3] AndroidManifest.xml:49:9-60:20
194            android:name="com.onesignal.FCMBroadcastReceiver"
194-->[com.onesignal:OneSignal:4.6.3] AndroidManifest.xml:50:13-62
195            android:exported="true"
195-->[com.onesignal:OneSignal:4.6.3] AndroidManifest.xml:51:13-36
196            android:permission="com.google.android.c2dm.permission.SEND" >
196-->[com.onesignal:OneSignal:4.6.3] AndroidManifest.xml:52:13-73
197
198            <!-- High priority so OneSignal payloads can be filtered from other FCM receivers -->
199            <intent-filter android:priority="999" >
199-->[com.onesignal:OneSignal:4.6.3] AndroidManifest.xml:55:13-59:29
199-->[com.onesignal:OneSignal:4.6.3] AndroidManifest.xml:55:28-50
200                <action android:name="com.google.android.c2dm.intent.RECEIVE" />
200-->[com.onesignal:OneSignal:4.6.3] AndroidManifest.xml:56:17-81
200-->[com.onesignal:OneSignal:4.6.3] AndroidManifest.xml:56:25-78
201
202                <category android:name="com.hassan_zafar.capitalview" />
202-->[com.onesignal:OneSignal:4.6.3] AndroidManifest.xml:58:17-61
202-->[com.onesignal:OneSignal:4.6.3] AndroidManifest.xml:58:27-58
203            </intent-filter>
204        </receiver>
205
206        <service
206-->[com.onesignal:OneSignal:4.6.3] AndroidManifest.xml:62:9-68:19
207            android:name="com.onesignal.HmsMessageServiceOneSignal"
207-->[com.onesignal:OneSignal:4.6.3] AndroidManifest.xml:63:13-68
208            android:exported="false" >
208-->[com.onesignal:OneSignal:4.6.3] AndroidManifest.xml:64:13-37
209            <intent-filter>
209-->[com.onesignal:OneSignal:4.6.3] AndroidManifest.xml:65:13-67:29
210                <action android:name="com.huawei.push.action.MESSAGING_EVENT" />
210-->[com.onesignal:OneSignal:4.6.3] AndroidManifest.xml:66:17-81
210-->[com.onesignal:OneSignal:4.6.3] AndroidManifest.xml:66:25-78
211            </intent-filter>
212        </service>
213
214        <activity
214-->[com.onesignal:OneSignal:4.6.3] AndroidManifest.xml:70:9-78:20
215            android:name="com.onesignal.NotificationOpenedActivityHMS"
215-->[com.onesignal:OneSignal:4.6.3] AndroidManifest.xml:71:13-71
216            android:exported="true"
216-->[com.onesignal:OneSignal:4.6.3] AndroidManifest.xml:72:13-36
217            android:noHistory="true"
217-->[com.onesignal:OneSignal:4.6.3] AndroidManifest.xml:73:13-37
218            android:theme="@android:style/Theme.Translucent.NoTitleBar" >
218-->[com.onesignal:OneSignal:4.6.3] AndroidManifest.xml:74:13-72
219            <intent-filter>
219-->[com.onesignal:OneSignal:4.6.3] AndroidManifest.xml:75:13-77:29
220                <action android:name="android.intent.action.VIEW" />
220-->[com.onesignal:OneSignal:4.6.3] AndroidManifest.xml:76:17-69
220-->[com.onesignal:OneSignal:4.6.3] AndroidManifest.xml:76:25-66
221            </intent-filter>
222        </activity>
223
224        <service
224-->[com.onesignal:OneSignal:4.6.3] AndroidManifest.xml:80:9-82:40
225            android:name="com.onesignal.FCMIntentService"
225-->[com.onesignal:OneSignal:4.6.3] AndroidManifest.xml:81:13-58
226            android:exported="false" />
226-->[com.onesignal:OneSignal:4.6.3] AndroidManifest.xml:82:13-37
227        <service
227-->[com.onesignal:OneSignal:4.6.3] AndroidManifest.xml:83:9-86:72
228            android:name="com.onesignal.FCMIntentJobService"
228-->[com.onesignal:OneSignal:4.6.3] AndroidManifest.xml:84:13-61
229            android:exported="false"
229-->[com.onesignal:OneSignal:4.6.3] AndroidManifest.xml:85:13-37
230            android:permission="android.permission.BIND_JOB_SERVICE" />
230-->[com.onesignal:OneSignal:4.6.3] AndroidManifest.xml:86:13-69
231        <service
231-->[com.onesignal:OneSignal:4.6.3] AndroidManifest.xml:87:9-90:43
232            android:name="com.onesignal.FocusDelaySyncService"
232-->[com.onesignal:OneSignal:4.6.3] AndroidManifest.xml:88:13-63
233            android:exported="false"
233-->[com.onesignal:OneSignal:4.6.3] AndroidManifest.xml:89:13-37
234            android:stopWithTask="true" />
234-->[com.onesignal:OneSignal:4.6.3] AndroidManifest.xml:90:13-40
235        <service
235-->[com.onesignal:OneSignal:4.6.3] AndroidManifest.xml:91:9-94:72
236            android:name="com.onesignal.FocusDelaySyncJobService"
236-->[com.onesignal:OneSignal:4.6.3] AndroidManifest.xml:92:13-66
237            android:exported="false"
237-->[com.onesignal:OneSignal:4.6.3] AndroidManifest.xml:93:13-37
238            android:permission="android.permission.BIND_JOB_SERVICE" />
238-->[com.onesignal:OneSignal:4.6.3] AndroidManifest.xml:94:13-69
239        <service
239-->[com.onesignal:OneSignal:4.6.3] AndroidManifest.xml:95:9-98:43
240            android:name="com.onesignal.SyncService"
240-->[com.onesignal:OneSignal:4.6.3] AndroidManifest.xml:96:13-53
241            android:exported="false"
241-->[com.onesignal:OneSignal:4.6.3] AndroidManifest.xml:97:13-37
242            android:stopWithTask="true" />
242-->[com.onesignal:OneSignal:4.6.3] AndroidManifest.xml:98:13-40
243        <service
243-->[com.onesignal:OneSignal:4.6.3] AndroidManifest.xml:99:9-102:72
244            android:name="com.onesignal.SyncJobService"
244-->[com.onesignal:OneSignal:4.6.3] AndroidManifest.xml:100:13-56
245            android:exported="false"
245-->[com.onesignal:OneSignal:4.6.3] AndroidManifest.xml:101:13-37
246            android:permission="android.permission.BIND_JOB_SERVICE" />
246-->[com.onesignal:OneSignal:4.6.3] AndroidManifest.xml:102:13-69
247
248        <activity
248-->[com.onesignal:OneSignal:4.6.3] AndroidManifest.xml:104:9-107:75
249            android:name="com.onesignal.PermissionsActivity"
249-->[com.onesignal:OneSignal:4.6.3] AndroidManifest.xml:105:13-61
250            android:exported="false"
250-->[com.onesignal:OneSignal:4.6.3] AndroidManifest.xml:106:13-37
251            android:theme="@android:style/Theme.Translucent.NoTitleBar" />
251-->[com.onesignal:OneSignal:4.6.3] AndroidManifest.xml:107:13-72
252
253        <receiver
253-->[com.onesignal:OneSignal:4.6.3] AndroidManifest.xml:109:9-111:39
254            android:name="com.onesignal.NotificationDismissReceiver"
254-->[com.onesignal:OneSignal:4.6.3] AndroidManifest.xml:110:13-69
255            android:exported="true" />
255-->[com.onesignal:OneSignal:4.6.3] AndroidManifest.xml:111:13-36
256        <receiver
256-->[com.onesignal:OneSignal:4.6.3] AndroidManifest.xml:112:9-119:20
257            android:name="com.onesignal.BootUpReceiver"
257-->[com.onesignal:OneSignal:4.6.3] AndroidManifest.xml:113:13-56
258            android:exported="true" >
258-->[com.onesignal:OneSignal:4.6.3] AndroidManifest.xml:114:13-36
259            <intent-filter>
259-->[com.onesignal:OneSignal:4.6.3] AndroidManifest.xml:115:13-118:29
260                <action android:name="android.intent.action.BOOT_COMPLETED" />
260-->[com.onesignal:OneSignal:4.6.3] AndroidManifest.xml:116:17-79
260-->[com.onesignal:OneSignal:4.6.3] AndroidManifest.xml:116:25-76
261                <action android:name="android.intent.action.QUICKBOOT_POWERON" />
261-->[com.onesignal:OneSignal:4.6.3] AndroidManifest.xml:117:17-82
261-->[com.onesignal:OneSignal:4.6.3] AndroidManifest.xml:117:25-79
262            </intent-filter>
263        </receiver>
264        <receiver
264-->[com.onesignal:OneSignal:4.6.3] AndroidManifest.xml:120:9-126:20
265            android:name="com.onesignal.UpgradeReceiver"
265-->[com.onesignal:OneSignal:4.6.3] AndroidManifest.xml:121:13-57
266            android:exported="true" >
266-->[com.onesignal:OneSignal:4.6.3] AndroidManifest.xml:122:13-36
267            <intent-filter>
267-->[com.onesignal:OneSignal:4.6.3] AndroidManifest.xml:123:13-125:29
268                <action android:name="android.intent.action.MY_PACKAGE_REPLACED" />
268-->[com.onesignal:OneSignal:4.6.3] AndroidManifest.xml:124:17-84
268-->[com.onesignal:OneSignal:4.6.3] AndroidManifest.xml:124:25-81
269            </intent-filter>
270        </receiver>
271
272        <activity
272-->[com.onesignal:OneSignal:4.6.3] AndroidManifest.xml:128:9-134:75
273            android:name="com.onesignal.NotificationOpenedReceiver"
273-->[com.onesignal:OneSignal:4.6.3] AndroidManifest.xml:129:13-68
274            android:excludeFromRecents="true"
274-->[com.onesignal:OneSignal:4.6.3] AndroidManifest.xml:130:13-46
275            android:exported="true"
275-->[com.onesignal:OneSignal:4.6.3] AndroidManifest.xml:131:13-36
276            android:noHistory="true"
276-->[com.onesignal:OneSignal:4.6.3] AndroidManifest.xml:132:13-37
277            android:taskAffinity=""
277-->[com.onesignal:OneSignal:4.6.3] AndroidManifest.xml:133:13-36
278            android:theme="@android:style/Theme.Translucent.NoTitleBar" />
278-->[com.onesignal:OneSignal:4.6.3] AndroidManifest.xml:134:13-72